Using pre-set license
Built from '2020.3/staging' branch; Version is '2020.3.10f1 (297d780c91bc) revision 2719096'; Using compiler version '192528614'; Build Type 'Release'
OS: 'Windows 10 Pro; OS build 19042.1165; Version 2009; 64bit' Language: 'en' Physical Memory: 8066 MB
BatchMode: 1, IsHumanControllingUs: 0, StartBugReporterOnCrash: 0, Is64bit: 1, IsPro: 0

 COMMAND LINE ARGUMENTS:
C:\Program Files\Unity\Hub\Editor\2020.3.10f1\Editor\Unity.exe
-adb2
-batchMode
-noUpm
-name
AssetImportWorker0
-projectPath
C:/Users/Ser/Desktop/QuizGameUnity
-logFile
Logs/AssetImportWorker0.log
-srvPort
57247
Successfully changed project path to: C:/Users/Ser/Desktop/QuizGameUnity
C:/Users/Ser/Desktop/QuizGameUnity
Using Asset Import Pipeline V2.
Refreshing native plugins compatible for Editor in 55.29 ms, found 2 plugins.
Preloading 0 native plugins for Editor in 0.00 ms.
Initialize engine version: 2020.3.10f1 (297d780c91bc)
[Subsystems] Discovering subsystems at path C:/Program Files/Unity/Hub/Editor/2020.3.10f1/Editor/Data/Resources/UnitySubsystems
[Subsystems] Discovering subsystems at path C:/Users/Ser/Desktop/QuizGameUnity/Assets
GfxDevice: creating device client; threaded=0
Direct3D:
    Version:  Direct3D 11.0 [level 11.0]
    Renderer: NVIDIA GeForce 940MX (ID=0x134d)
    Vendor:   
    VRAM:     2020 MB
    Driver:   23.21.13.8875
Initialize mono
Mono path[0] = 'C:/Program Files/Unity/Hub/Editor/2020.3.10f1/Editor/Data/Managed'
Mono path[1] = 'C:/Program Files/Unity/Hub/Editor/2020.3.10f1/Editor/Data/MonoBleedingEdge/lib/mono/unityjit'
Mono config path = 'C:/Program Files/Unity/Hub/Editor/2020.3.10f1/Editor/Data/MonoBleedingEdge/etc'
Using monoOptions --debugger-agent=transport=dt_socket,embedding=1,server=y,suspend=n,address=127.0.0.1:56216
Begin MonoManager ReloadAssembly
Registering precompiled unity dll's ...
Register platform support module: C:/Program Files/Unity/Hub/Editor/2020.3.10f1/Editor/Data/PlaybackEngines/WebGLSupport/UnityEditor.WebGL.Extensions.dll
Register platform support module: C:/Program Files/Unity/Hub/Editor/2020.3.10f1/Editor/Data/PlaybackEngines/WindowsStandaloneSupport/UnityEditor.WindowsStandalone.Extensions.dll
Registered in 0.003734 seconds.
Native extension for WindowsStandalone target not found
Native extension for WebGL target not found
Refreshing native plugins compatible for Editor in 56.10 ms, found 2 plugins.
Preloading 0 native plugins for Editor in 0.00 ms.
Mono: successfully reloaded assembly
- Completed reload, in  3.444 seconds
Platform modules already initialized, skipping
Registering precompiled user dll's ...
Registered in 0.009316 seconds.
Begin MonoManager ReloadAssembly
Native extension for WindowsStandalone target not found
Native extension for WebGL target not found
Refreshing native plugins compatible for Editor in 0.40 ms, found 2 plugins.
Preloading 0 native plugins for Editor in 0.00 ms.
Mono: successfully reloaded assembly
- Completed reload, in  2.998 seconds
Platform modules already initialized, skipping
========================================================================
Worker process is ready to serve import requests
Launched and connected shader compiler UnityShaderCompiler.exe after 0.11 seconds
Refreshing native plugins compatible for Editor in 0.81 ms, found 2 plugins.
Preloading 0 native plugins for Editor in 0.00 ms.
Unloading 1386 Unused Serialized files (Serialized files now loaded: 0)
System memory in use before: 64.7 MB.
System memory in use after: 64.8 MB.

Unloading 19 unused Assets to reduce memory usage. Loaded Objects now: 1819.
Total: 2.521700 ms (FindLiveObjects: 0.187300 ms CreateObjectMapping: 0.066300 ms MarkObjects: 2.160700 ms  DeleteObjects: 0.105900 ms)

========================================================================
Received Import Request.
  path: Assets/Scripts
  artifactKey: Guid(ad581749b3e718948bf3dd7ae1ac6dac) Importer(815301076,1909f56bfc062723c751e8b465ee728b)
Start importing Assets/Scripts using Guid(ad581749b3e718948bf3dd7ae1ac6dac) Importer(815301076,1909f56bfc062723c751e8b465ee728b)  -> (artifact id: '6046996ab1f8af89419a42d13c9e6734') in 0.009815 seconds
  Import took 0.014910 seconds .

========================================================================
Received Import Request.
  Time since last request: 0.876980 seconds.
  path: Assets
  artifactKey: Guid(00000000000000001000000000000000) Importer(815301076,1909f56bfc062723c751e8b465ee728b)
Start importing Assets using Guid(00000000000000001000000000000000) Importer(815301076,1909f56bfc062723c751e8b465ee728b)  -> (artifact id: '42d402b061de3733987d63b9cc3b64de') in 0.019830 seconds
  Import took 0.029757 seconds .

========================================================================
Received Import Request.
  Time since last request: 8.335812 seconds.
  path: Assets/Prefabs
  artifactKey: Guid(abe520a3445d6194c89895321bf7f2b1) Importer(815301076,1909f56bfc062723c751e8b465ee728b)
Start importing Assets/Prefabs using Guid(abe520a3445d6194c89895321bf7f2b1) Importer(815301076,1909f56bfc062723c751e8b465ee728b)  -> (artifact id: '4a15e35e9b9c267ea1affb29a0f0067c') in 0.013661 seconds
  Import took 0.019611 seconds .

========================================================================
Received Import Request.
  Time since last request: 0.007801 seconds.
  path: Assets/Prefabs
  artifactKey: Guid(abe520a3445d6194c89895321bf7f2b1) Importer(815301076,1909f56bfc062723c751e8b465ee728b)
Start importing Assets/Prefabs using Guid(abe520a3445d6194c89895321bf7f2b1) Importer(815301076,1909f56bfc062723c751e8b465ee728b)  -> (artifact id: '4a15e35e9b9c267ea1affb29a0f0067c') in 0.023336 seconds
  Import took 0.030678 seconds .

========================================================================
Received Import Request.
  Time since last request: 7.099866 seconds.
  path: Assets/Materials
  artifactKey: Guid(b9d95ef801aaa9f418d251476c58224f) Importer(815301076,1909f56bfc062723c751e8b465ee728b)
Start importing Assets/Materials using Guid(b9d95ef801aaa9f418d251476c58224f) Importer(815301076,1909f56bfc062723c751e8b465ee728b)  -> (artifact id: '49584f476ff5efcb57827fdb04c7fae6') in 0.012728 seconds
  Import took 0.021332 seconds .

========================================================================
Received Import Request.
  Time since last request: 38.304384 seconds.
  path: Assets/Scripts/GameManager.cs
  artifactKey: Guid(e271b6555597da041bae376d97bc9b96) Importer(815301076,1909f56bfc062723c751e8b465ee728b)
Start importing Assets/Scripts/GameManager.cs using Guid(e271b6555597da041bae376d97bc9b96) Importer(815301076,1909f56bfc062723c751e8b465ee728b)  -> (artifact id: '382a33102265219014d3702fef756f64') in 0.111239 seconds
  Import took 0.117342 seconds .

========================================================================
Received Prepare
Registering precompiled user dll's ...
Registered in 0.007781 seconds.
Begin MonoManager ReloadAssembly
Native extension for WindowsStandalone target not found
Native extension for WebGL target not found
Refreshing native plugins compatible for Editor in 0.71 ms, found 2 plugins.
Preloading 0 native plugins for Editor in 0.00 ms.
Mono: successfully reloaded assembly
- Completed reload, in  7.304 seconds
Platform modules already initialized, skipping
Refreshing native plugins compatible for Editor in 0.71 ms, found 2 plugins.
Preloading 0 native plugins for Editor in 0.00 ms.
Unloading 1382 Unused Serialized files (Serialized files now loaded: 0)
System memory in use before: 64.7 MB.
System memory in use after: 64.8 MB.

Unloading 14 unused Assets to reduce memory usage. Loaded Objects now: 1823.
Total: 9.153400 ms (FindLiveObjects: 0.538900 ms CreateObjectMapping: 0.142000 ms MarkObjects: 8.361400 ms  DeleteObjects: 0.107900 ms)

========================================================================
Received Prepare
Registering precompiled user dll's ...
Registered in 0.016109 seconds.
Begin MonoManager ReloadAssembly
Native extension for WindowsStandalone target not found
Native extension for WebGL target not found
Refreshing native plugins compatible for Editor in 0.73 ms, found 2 plugins.
Preloading 0 native plugins for Editor in 0.00 ms.
Mono: successfully reloaded assembly
- Completed reload, in  2.148 seconds
Platform modules already initialized, skipping
Refreshing native plugins compatible for Editor in 0.43 ms, found 2 plugins.
Preloading 0 native plugins for Editor in 0.00 ms.
Unloading 1382 Unused Serialized files (Serialized files now loaded: 0)
System memory in use before: 64.7 MB.
System memory in use after: 64.8 MB.

Unloading 14 unused Assets to reduce memory usage. Loaded Objects now: 1826.
Total: 2.931900 ms (FindLiveObjects: 0.273700 ms CreateObjectMapping: 0.158600 ms MarkObjects: 2.422300 ms  DeleteObjects: 0.075600 ms)

========================================================================
Received Import Request.
  Time since last request: 264.742046 seconds.
  path: Assets/Scripts/GameManager.cs
  artifactKey: Guid(e271b6555597da041bae376d97bc9b96) Importer(815301076,1909f56bfc062723c751e8b465ee728b)
Start importing Assets/Scripts/GameManager.cs using Guid(e271b6555597da041bae376d97bc9b96) Importer(815301076,1909f56bfc062723c751e8b465ee728b)  -> (artifact id: 'f88c583899bd9fe72f0584fd23f49421') in 0.009932 seconds
  Import took 0.015031 seconds .

========================================================================
Received Import Request.
  Time since last request: 218.029409 seconds.
  path: Assets/Animations
  artifactKey: Guid(c794ccda9ada6f94fa777255d79b4bba) Importer(815301076,1909f56bfc062723c751e8b465ee728b)
Start importing Assets/Animations using Guid(c794ccda9ada6f94fa777255d79b4bba) Importer(815301076,1909f56bfc062723c751e8b465ee728b)  -> (artifact id: 'dff61c241f1df3934fdea48abfbbcf95') in 0.019189 seconds
  Import took 0.030641 seconds .

========================================================================
Received Import Request.
  Time since last request: 2.663218 seconds.
  path: Assets/Scripts/transition.anim
  artifactKey: Guid(d062c705f8c48134ab31f8c0b40b7e00) Importer(815301076,1909f56bfc062723c751e8b465ee728b)
Start importing Assets/Scripts/transition.anim using Guid(d062c705f8c48134ab31f8c0b40b7e00) Importer(815301076,1909f56bfc062723c751e8b465ee728b)  -> (artifact id: '1be1637fae801aee59fdda3d73b399d7') in 0.043500 seconds
  Import took 0.051306 seconds .

========================================================================
Received Import Request.
  Time since last request: 0.003374 seconds.
  path: Assets/Scripts/transition.anim
  artifactKey: Guid(d062c705f8c48134ab31f8c0b40b7e00) Importer(815301076,1909f56bfc062723c751e8b465ee728b)
Start importing Assets/Scripts/transition.anim using Guid(d062c705f8c48134ab31f8c0b40b7e00) Importer(815301076,1909f56bfc062723c751e8b465ee728b)  -> (artifact id: '1be1637fae801aee59fdda3d73b399d7') in 0.019715 seconds
  Import took 0.024942 seconds .

========================================================================
Received Import Request.
  Time since last request: 2.514657 seconds.
  path: Assets/Scripts/Panel.controller
  artifactKey: Guid(b63b0a5fc5362584db56b7441be17a09) Importer(815301076,1909f56bfc062723c751e8b465ee728b)
Start importing Assets/Scripts/Panel.controller using Guid(b63b0a5fc5362584db56b7441be17a09) Importer(815301076,1909f56bfc062723c751e8b465ee728b)  -> (artifact id: '53c8b38e5b9c7882c03a83471c1072c5') in 0.025535 seconds
  Import took 0.035786 seconds .

========================================================================
Received Import Request.
  Time since last request: 23.673747 seconds.
  path: Assets/Scripts/New Animation.anim
  artifactKey: Guid(6b2cb6d3aa8331f46a2ce8ed0826d9b1) Importer(815301076,1909f56bfc062723c751e8b465ee728b)
Start importing Assets/Scripts/New Animation.anim using Guid(6b2cb6d3aa8331f46a2ce8ed0826d9b1) Importer(815301076,1909f56bfc062723c751e8b465ee728b)  -> (artifact id: '968b3af270ac8e79a99eaa5bb3e9e6e0') in 0.055208 seconds
  Import took 0.061884 seconds .

========================================================================
Received Import Request.
  Time since last request: 162.110033 seconds.
  path: Assets/Scripts/Transition.anim
  artifactKey: Guid(d062c705f8c48134ab31f8c0b40b7e00) Importer(815301076,1909f56bfc062723c751e8b465ee728b)
Start importing Assets/Scripts/Transition.anim using Guid(d062c705f8c48134ab31f8c0b40b7e00) Importer(815301076,1909f56bfc062723c751e8b465ee728b)  -> (artifact id: '93d429c3683f1b44035b0878fa6027df') in 0.023622 seconds
  Import took 0.031316 seconds .

========================================================================
Received Import Request.
  Time since last request: 0.009290 seconds.
  path: Assets/Scripts/Transition.anim
  artifactKey: Guid(d062c705f8c48134ab31f8c0b40b7e00) Importer(815301076,1909f56bfc062723c751e8b465ee728b)
Start importing Assets/Scripts/Transition.anim using Guid(d062c705f8c48134ab31f8c0b40b7e00) Importer(815301076,1909f56bfc062723c751e8b465ee728b)  -> (artifact id: '93d429c3683f1b44035b0878fa6027df') in 0.028594 seconds
  Import took 0.033412 seconds .

========================================================================
Received Import Request.
  Time since last request: 121.840184 seconds.
  path: Assets/Scripts/Transition.anim
  artifactKey: Guid(d062c705f8c48134ab31f8c0b40b7e00) Importer(815301076,1909f56bfc062723c751e8b465ee728b)
Start importing Assets/Scripts/Transition.anim using Guid(d062c705f8c48134ab31f8c0b40b7e00) Importer(815301076,1909f56bfc062723c751e8b465ee728b)  -> (artifact id: 'ac60c692d608a693a29954b3abaa8dc5') in 0.009780 seconds
  Import took 0.014050 seconds .

========================================================================
Received Import Request.
  Time since last request: 0.008115 seconds.
  path: Assets/Scripts/Transition.anim
  artifactKey: Guid(d062c705f8c48134ab31f8c0b40b7e00) Importer(815301076,1909f56bfc062723c751e8b465ee728b)
Start importing Assets/Scripts/Transition.anim using Guid(d062c705f8c48134ab31f8c0b40b7e00) Importer(815301076,1909f56bfc062723c751e8b465ee728b)  -> (artifact id: 'ac60c692d608a693a29954b3abaa8dc5') in 0.012216 seconds
  Import took 0.018637 seconds .

========================================================================
Received Prepare
Registering precompiled user dll's ...
Registered in 0.014792 seconds.
Begin MonoManager ReloadAssembly
Native extension for WindowsStandalone target not found
Native extension for WebGL target not found
Refreshing native plugins compatible for Editor in 0.79 ms, found 2 plugins.
Preloading 0 native plugins for Editor in 0.00 ms.
Mono: successfully reloaded assembly
- Completed reload, in  5.530 seconds
Platform modules already initialized, skipping
Refreshing native plugins compatible for Editor in 0.77 ms, found 2 plugins.
Preloading 0 native plugins for Editor in 0.00 ms.
Unloading 1382 Unused Serialized files (Serialized files now loaded: 0)
System memory in use before: 64.7 MB.
System memory in use after: 64.8 MB.

Unloading 14 unused Assets to reduce memory usage. Loaded Objects now: 1829.
Total: 6.359100 ms (FindLiveObjects: 0.521400 ms CreateObjectMapping: 0.203000 ms MarkObjects: 5.530500 ms  DeleteObjects: 0.102000 ms)

========================================================================
Received Import Request.
  Time since last request: 274.189133 seconds.
  path: Assets/Scripts/Panel.controller
  artifactKey: Guid(b63b0a5fc5362584db56b7441be17a09) Importer(815301076,1909f56bfc062723c751e8b465ee728b)
Start importing Assets/Scripts/Panel.controller using Guid(b63b0a5fc5362584db56b7441be17a09) Importer(815301076,1909f56bfc062723c751e8b465ee728b)  -> (artifact id: '5b7e657917077d4d946135e5e799fd81') in 0.107182 seconds
  Import took 0.124041 seconds .

========================================================================
Received Prepare
Registering precompiled user dll's ...
Registered in 0.015090 seconds.
Begin MonoManager ReloadAssembly
Native extension for WindowsStandalone target not found
Native extension for WebGL target not found
Refreshing native plugins compatible for Editor in 0.59 ms, found 2 plugins.
Preloading 0 native plugins for Editor in 0.00 ms.
Mono: successfully reloaded assembly
- Completed reload, in  4.102 seconds
Platform modules already initialized, skipping
Refreshing native plugins compatible for Editor in 1.16 ms, found 2 plugins.
Preloading 0 native plugins for Editor in 0.00 ms.
Unloading 1382 Unused Serialized files (Serialized files now loaded: 0)
System memory in use before: 64.8 MB.
System memory in use after: 64.8 MB.

Unloading 14 unused Assets to reduce memory usage. Loaded Objects now: 1832.
Total: 5.860100 ms (FindLiveObjects: 0.247100 ms CreateObjectMapping: 0.131100 ms MarkObjects: 5.374100 ms  DeleteObjects: 0.104900 ms)

========================================================================
Received Import Request.
  Time since last request: 280.704188 seconds.
  path: Assets/Animations/Transition.anim
  artifactKey: Guid(d062c705f8c48134ab31f8c0b40b7e00) Importer(815301076,1909f56bfc062723c751e8b465ee728b)
Start importing Assets/Animations/Transition.anim using Guid(d062c705f8c48134ab31f8c0b40b7e00) Importer(815301076,1909f56bfc062723c751e8b465ee728b)  -> (artifact id: '2d65c4a81d7de824d951e11c5b6413d8') in 0.054295 seconds
  Import took 0.059760 seconds .

========================================================================
Received Prepare
Registering precompiled user dll's ...
Registered in 0.008441 seconds.
Begin MonoManager ReloadAssembly
Native extension for WindowsStandalone target not found
Native extension for WebGL target not found
Refreshing native plugins compatible for Editor in 2.08 ms, found 2 plugins.
Preloading 0 native plugins for Editor in 0.00 ms.
Mono: successfully reloaded assembly
- Completed reload, in  6.171 seconds
Platform modules already initialized, skipping
Refreshing native plugins compatible for Editor in 2.36 ms, found 2 plugins.
Preloading 0 native plugins for Editor in 0.00 ms.
Unloading 1382 Unused Serialized files (Serialized files now loaded: 0)
System memory in use before: 64.8 MB.
System memory in use after: 64.8 MB.

Unloading 14 unused Assets to reduce memory usage. Loaded Objects now: 1835.
Total: 4.070200 ms (FindLiveObjects: 0.321600 ms CreateObjectMapping: 0.122800 ms MarkObjects: 3.434000 ms  DeleteObjects: 0.189400 ms)

========================================================================
Received Import Request.
  Time since last request: 170.285456 seconds.
  path: Assets/TextMesh Pro/Resources/Fonts & Materials/LiberationSans SDF - Drop Shadow.mat
  artifactKey: Guid(e73a58f6e2794ae7b1b7e50b7fb811b0) Importer(815301076,1909f56bfc062723c751e8b465ee728b)
Start importing Assets/TextMesh Pro/Resources/Fonts & Materials/LiberationSans SDF - Drop Shadow.mat using Guid(e73a58f6e2794ae7b1b7e50b7fb811b0) Importer(815301076,1909f56bfc062723c751e8b465ee728b)  -> (artifact id: 'ca0d2861f60500f05bd29199894f7bb5') in 0.613900 seconds
  Import took 0.620233 seconds .

========================================================================
Received Import Request.
  Time since last request: 0.000376 seconds.
  path: Assets/TextMesh Pro/Resources/Fonts & Materials/LiberationSans SDF - Outline.mat
  artifactKey: Guid(79459efec17a4d00a321bdcc27bbc385) Importer(815301076,1909f56bfc062723c751e8b465ee728b)
Start importing Assets/TextMesh Pro/Resources/Fonts & Materials/LiberationSans SDF - Outline.mat using Guid(79459efec17a4d00a321bdcc27bbc385) Importer(815301076,1909f56bfc062723c751e8b465ee728b)  -> (artifact id: '289988fcecf3b00d1602f8d2b589f7dd') in 0.258041 seconds
  Import took 0.265360 seconds .

========================================================================
Received Import Request.
  Time since last request: 0.000350 seconds.
  path: Assets/TextMesh Pro/Resources/Fonts & Materials/LiberationSans SDF - Fallback.asset
  artifactKey: Guid(2e498d1c8094910479dc3e1b768306a4) Importer(815301076,1909f56bfc062723c751e8b465ee728b)
Start importing Assets/TextMesh Pro/Resources/Fonts & Materials/LiberationSans SDF - Fallback.asset using Guid(2e498d1c8094910479dc3e1b768306a4) Importer(815301076,1909f56bfc062723c751e8b465ee728b)  -> (artifact id: 'b8c2210586957436df79bf961aeff06e') in 0.162864 seconds
  Import took 0.174488 seconds .

========================================================================
Received Import Request.
  Time since last request: 0.001066 seconds.
  path: Assets/TextMesh Pro/Resources/Fonts & Materials/LiberationSans SDF - Drop Shadow.mat
  artifactKey: Guid(e73a58f6e2794ae7b1b7e50b7fb811b0) Importer(815301076,1909f56bfc062723c751e8b465ee728b)
Start importing Assets/TextMesh Pro/Resources/Fonts & Materials/LiberationSans SDF - Drop Shadow.mat using Guid(e73a58f6e2794ae7b1b7e50b7fb811b0) Importer(815301076,1909f56bfc062723c751e8b465ee728b)  -> (artifact id: 'ca0d2861f60500f05bd29199894f7bb5') in 0.160519 seconds
  Import took 0.169141 seconds .

========================================================================
Received Import Request.
  Time since last request: 0.000203 seconds.
  path: Assets/TextMesh Pro/Resources/Fonts & Materials/LiberationSans SDF - Fallback.asset
  artifactKey: Guid(2e498d1c8094910479dc3e1b768306a4) Importer(815301076,1909f56bfc062723c751e8b465ee728b)
Start importing Assets/TextMesh Pro/Resources/Fonts & Materials/LiberationSans SDF - Fallback.asset using Guid(2e498d1c8094910479dc3e1b768306a4) Importer(815301076,1909f56bfc062723c751e8b465ee728b)  -> (artifact id: 'b8c2210586957436df79bf961aeff06e') in 0.091472 seconds
  Import took 0.103910 seconds .

========================================================================
Received Import Request.
  Time since last request: 0.000097 seconds.
  path: Assets/TextMesh Pro/Resources/Fonts & Materials/LiberationSans SDF.asset
  artifactKey: Guid(8f586378b4e144a9851e7b34d9b748ee) Importer(815301076,1909f56bfc062723c751e8b465ee728b)
Start importing Assets/TextMesh Pro/Resources/Fonts & Materials/LiberationSans SDF.asset using Guid(8f586378b4e144a9851e7b34d9b748ee) Importer(815301076,1909f56bfc062723c751e8b465ee728b)  -> (artifact id: 'f1280cc7be10b532b2897fc8654f95d3') in 0.235840 seconds
  Import took 0.248761 seconds .

========================================================================
Received Import Request.
  Time since last request: 0.013475 seconds.
  path: Assets/TextMesh Pro/Resources/Fonts & Materials/LiberationSans SDF.asset
  artifactKey: Guid(8f586378b4e144a9851e7b34d9b748ee) Importer(815301076,1909f56bfc062723c751e8b465ee728b)
Start importing Assets/TextMesh Pro/Resources/Fonts & Materials/LiberationSans SDF.asset using Guid(8f586378b4e144a9851e7b34d9b748ee) Importer(815301076,1909f56bfc062723c751e8b465ee728b)  -> (artifact id: 'f1280cc7be10b532b2897fc8654f95d3') in 0.175847 seconds
  Import took 0.189112 seconds .

========================================================================
Received Import Request.
  Time since last request: 52.824365 seconds.
  path: Assets/Scenes
  artifactKey: Guid(c0c28a645035bf042a39737511a220fc) Importer(815301076,1909f56bfc062723c751e8b465ee728b)
Start importing Assets/Scenes using Guid(c0c28a645035bf042a39737511a220fc) Importer(815301076,1909f56bfc062723c751e8b465ee728b)  -> (artifact id: '551d679aae07ca3ffbd151eb41f4f90a') in 0.024438 seconds
  Import took 0.031389 seconds .

========================================================================
Received Import Request.
  Time since last request: 4.874400 seconds.
  path: Assets/Scenes/SampleScene.unity
  artifactKey: Guid(9fc0d4010bbf28b4594072e72b8655ab) Importer(815301076,1909f56bfc062723c751e8b465ee728b)
Start importing Assets/Scenes/SampleScene.unity using Guid(9fc0d4010bbf28b4594072e72b8655ab) Importer(815301076,1909f56bfc062723c751e8b465ee728b)  -> (artifact id: '85059f4f9e1a832ed95adaa0d25c5c4c') in 0.027684 seconds
  Import took 0.036656 seconds .

========================================================================
Received Import Request.
  Time since last request: 11.291982 seconds.
  path: Assets/Scenes/scene1.unity
  artifactKey: Guid(9fc0d4010bbf28b4594072e72b8655ab) Importer(815301076,1909f56bfc062723c751e8b465ee728b)
Start importing Assets/Scenes/scene1.unity using Guid(9fc0d4010bbf28b4594072e72b8655ab) Importer(815301076,1909f56bfc062723c751e8b465ee728b)  -> (artifact id: '9acd71abc122943181a3270d8565dc38') in 0.071510 seconds
  Import took 0.076458 seconds .

========================================================================
Received Import Request.
  Time since last request: 64.581545 seconds.
  path: Assets/TextMesh Pro
  artifactKey: Guid(f54d1bd14bd3ca042bd867b519fee8cc) Importer(815301076,1909f56bfc062723c751e8b465ee728b)
Start importing Assets/TextMesh Pro using Guid(f54d1bd14bd3ca042bd867b519fee8cc) Importer(815301076,1909f56bfc062723c751e8b465ee728b)  -> (artifact id: '16b4cbde9565bf190136f1148817e1ea') in 0.025298 seconds
  Import took 0.029838 seconds .

========================================================================
Received Import Request.
  Time since last request: 24.003297 seconds.
  path: Assets/Scenes/scene2.unity
  artifactKey: Guid(646258f5263358c48ad92f6327c0f7bb) Importer(815301076,1909f56bfc062723c751e8b465ee728b)
Start importing Assets/Scenes/scene2.unity using Guid(646258f5263358c48ad92f6327c0f7bb) Importer(815301076,1909f56bfc062723c751e8b465ee728b)  -> (artifact id: '8eee324d447b48c980d8e030e5455da2') in 0.025801 seconds
  Import took 0.031767 seconds .

========================================================================
Received Prepare
Registering precompiled user dll's ...
Registered in 0.006502 seconds.
Begin MonoManager ReloadAssembly
Native extension for WindowsStandalone target not found
Native extension for WebGL target not found
Refreshing native plugins compatible for Editor in 0.75 ms, found 2 plugins.
Preloading 0 native plugins for Editor in 0.00 ms.
Mono: successfully reloaded assembly
- Completed reload, in  3.236 seconds
Platform modules already initialized, skipping
Refreshing native plugins compatible for Editor in 1.67 ms, found 2 plugins.
Preloading 0 native plugins for Editor in 0.00 ms.
Unloading 1395 Unused Serialized files (Serialized files now loaded: 0)
System memory in use before: 70.1 MB.
System memory in use after: 69.6 MB.

Unloading 26 unused Assets to reduce memory usage. Loaded Objects now: 1882.
Total: 5.493800 ms (FindLiveObjects: 0.410100 ms CreateObjectMapping: 0.149400 ms MarkObjects: 3.962800 ms  DeleteObjects: 0.969100 ms)

========================================================================
Received Import Request.
  Time since last request: 898.694594 seconds.
  path: Assets/Scripts/GameManager.cs
  artifactKey: Guid(e271b6555597da041bae376d97bc9b96) Importer(815301076,1909f56bfc062723c751e8b465ee728b)
Start importing Assets/Scripts/GameManager.cs using Guid(e271b6555597da041bae376d97bc9b96) Importer(815301076,1909f56bfc062723c751e8b465ee728b)  -> (artifact id: '9cff45f8f7392a2852a3d2c9859ded15') in 0.020186 seconds
  Import took 0.032844 seconds .

========================================================================
Received Import Request.
  Time since last request: 0.051812 seconds.
  path: Assets/Scripts/GameManager.cs
  artifactKey: Guid(e271b6555597da041bae376d97bc9b96) Importer(815301076,1909f56bfc062723c751e8b465ee728b)
Start importing Assets/Scripts/GameManager.cs using Guid(e271b6555597da041bae376d97bc9b96) Importer(815301076,1909f56bfc062723c751e8b465ee728b)  -> (artifact id: '9cff45f8f7392a2852a3d2c9859ded15') in 0.013429 seconds
  Import took 0.019069 seconds .

========================================================================
Received Prepare
Registering precompiled user dll's ...
Registered in 0.011815 seconds.
Begin MonoManager ReloadAssembly
Native extension for WindowsStandalone target not found
Native extension for WebGL target not found
Refreshing native plugins compatible for Editor in 0.72 ms, found 2 plugins.
Preloading 0 native plugins for Editor in 0.00 ms.
Mono: successfully reloaded assembly
- Completed reload, in  4.119 seconds
Platform modules already initialized, skipping
Refreshing native plugins compatible for Editor in 0.53 ms, found 2 plugins.
Preloading 0 native plugins for Editor in 0.00 ms.
Unloading 1394 Unused Serialized files (Serialized files now loaded: 0)
System memory in use before: 70.0 MB.
System memory in use after: 69.5 MB.

Unloading 26 unused Assets to reduce memory usage. Loaded Objects now: 1885.
Total: 10.881000 ms (FindLiveObjects: 1.788900 ms CreateObjectMapping: 0.184500 ms MarkObjects: 8.226200 ms  DeleteObjects: 0.678600 ms)

AssetImportWorkerClient::OnTransportError - code=2 error=End of file
